<?xml version="1.0" encoding="UTF-8"?>
<testsuite name="com.minicdesign.catalog.api.libraries.services.CreateLibraryServiceTest" tests="1" skipped="0" failures="0" errors="0" timestamp="2020-09-06T22:02:17" hostname="branislavs-mbp.lan" time="0.626">
  <properties/>
  <testcase name="givenNullLibrary_whenCreateLibrary_thenExceptionThrown()" classname="com.minicdesign.catalog.api.libraries.services.CreateLibraryServiceTest" time="0.626"/>
  <system-out><![CDATA[]]></system-out>
  <system-err><![CDATA[]]></system-err>
</testsuite>
